Information: Updating design information... (UID-85)
 
****************************************
Report : timing
        -path full
        -delay min
        -max_paths 1
Design : MyDesign
Version: P-2019.03-SP1
Date   : Wed Nov 17 13:25:46 2021
****************************************

Operating Conditions: fast   Library: NangateOpenCellLibrary_PDKv1_2_v2008_10_fast_nldm
Wire Load Model Mode: top

  Startpoint: clk_r_REG594_S1
              (rising edge-triggered flip-flop clocked by clk)
  Endpoint: clk_r_REG646_S3
            (rising edge-triggered flip-flop clocked by clk)
  Path Group: clk
  Path Type: min

  Point                                    Incr       Path
  -----------------------------------------------------------
  clock clk (rise edge)                  0.0000     0.0000
  clock network delay (ideal)            0.0000     0.0000
  clk_r_REG594_S1/CK (DFFS_X2)           0.0000     0.0000 r
  clk_r_REG594_S1/Q (DFFS_X2)            0.0644     0.0644 r
  U4071/ZN (NOR2_X1)                     0.0124     0.0768 f
  clk_r_REG646_S3/D (DFFR_X1)            0.0000     0.0768 f
  data arrival time                                 0.0768

  clock clk (rise edge)                  0.0000     0.0000
  clock network delay (ideal)            0.0000     0.0000
  clock uncertainty                      0.0500     0.0500
  clk_r_REG646_S3/CK (DFFR_X1)           0.0000     0.0500 r
  library hold time                      0.0024     0.0524
  data required time                                0.0524
  -----------------------------------------------------------
  data required time                                0.0524
  data arrival time                                -0.0768
  -----------------------------------------------------------
  slack (MET)                                       0.0244


1
